<?xml version="1.0" encoding="UTF-8"?>
<testng-results skipped="0" failed="0" total="1" passed="1">
  <reporter-output>
  </reporter-output>
  <suite name="Suite" duration-ms="15" started-at="2014-08-08T07:39:42Z" finished-at="2014-08-08T07:39:42Z">
    <groups>
    </groups>
    <test name="Test" duration-ms="15" started-at="2014-08-08T07:39:42Z" finished-at="2014-08-08T07:39:42Z">
      <class name="TestCase.TestCases">
        <test-method status="PASS" signature="OpenBrowser(java.lang.String, java.lang.String, java.lang.String)[pri:0, instance:TestCase.TestCases@7904f4c8]" name="OpenBrowser" is-config="true" duration-ms="9614" started-at="2014-08-08T15:39:33Z" finished-at="2014-08-08T15:39:42Z">
          <params>
            <param index="0">
              <value>
                <![CDATA[https://vcacat20.vcmen.com/vcac/org/vacatest/]]>
              </value>
            </param>
            <param index="1">
              <value>
                <![CDATA[wooút?¨¦Í£BåÐ??¨¤¨´01@vcmen.com]]>
              </value>
            </param>
            <param index="2">
              <value>
                <![CDATA[lcm-123]]>
              </value>
            </param>
          </params>
          <reporter-output>
          </reporter-output>
        </test-method> <!-- OpenBrowser -->
        <test-method status="PASS" signature="Case2001()[pri:0, instance:TestCase.TestCases@7904f4c8]" name="Case2001" duration-ms="15" started-at="2014-08-08T15:39:42Z" finished-at="2014-08-08T15:39:42Z">
          <reporter-output>
          </reporter-output>
        </test-method> <!-- Case2001 -->
        <test-method status="PASS" signature="CloseBrowser()[pri:0, instance:TestCase.TestCases@7904f4c8]" name="CloseBrowser" is-config="true" duration-ms="0" started-at="2014-08-08T15:39:42Z" finished-at="2014-08-08T15:39:42Z">
          <reporter-output>
          </reporter-output>
        </test-method> <!-- CloseBrowser -->
      </class> <!-- TestCase.TestCases -->
    </test> <!-- Test -->
  </suite> <!-- Suite -->
</testng-results>
